0 info it worked if it ends with ok
1 verbose cli [ '/usr/local/bin/node', '/usr/local/bin/npm', 'run', 'dev' ]
2 info using npm@3.10.10
3 info using node@v6.11.3
4 verbose run-script [ 'predev', 'dev', 'postdev' ]
5 info lifecycle webpack-babel-react-revisited@~predev: webpack-babel-react-revisited@
6 silly lifecycle webpack-babel-react-revisited@~predev: no script for predev, continuing
7 info lifecycle webpack-babel-react-revisited@~dev: webpack-babel-react-revisited@
8 verbose lifecycle webpack-babel-react-revisited@~dev: unsafe-perm in lifecycle true
9 verbose lifecycle webpack-babel-react-revisited@~dev: PATH: /usr/local/lib/node_modules/npm/bin/node-gyp-bin:/Users/danielbucket/BucketLimited/reactWithWebpackLesson/node_modules/.bin:/usr/local/bin:/usr/bin:/bin:/usr/sbin:/sbin:/usr/local/MacGPG2/bin:/Applications/Postgres.app/Contents/Versions/latest/bin
10 verbose lifecycle webpack-babel-react-revisited@~dev: CWD: /Users/danielbucket/BucketLimited/reactWithWebpackLesson
11 silly lifecycle webpack-babel-react-revisited@~dev: Args: [ '-c', 'webpack-dev-server' ]
12 silly lifecycle webpack-babel-react-revisited@~dev: Returned: code: 1  signal: null
13 info lifecycle webpack-babel-react-revisited@~dev: Failed to exec dev script
14 verbose stack Error: webpack-babel-react-revisited@ dev: `webpack-dev-server`
14 verbose stack Exit status 1
14 verbose stack     at EventEmitter.<anonymous> (/usr/local/lib/node_modules/npm/lib/utils/lifecycle.js:255:16)
14 verbose stack     at emitTwo (events.js:106:13)
14 verbose stack     at EventEmitter.emit (events.js:191:7)
14 verbose stack     at ChildProcess.<anonymous> (/usr/local/lib/node_modules/npm/lib/utils/spawn.js:40:14)
14 verbose stack     at emitTwo (events.js:106:13)
14 verbose stack     at ChildProcess.emit (events.js:191:7)
14 verbose stack     at maybeClose (internal/child_process.js:920:16)
14 verbose stack     at Process.ChildProcess._handle.onexit (internal/child_process.js:230:5)
15 verbose pkgid webpack-babel-react-revisited@
16 verbose cwd /Users/danielbucket/BucketLimited/reactWithWebpackLesson/src
17 error Darwin 16.7.0
18 error argv "/usr/local/bin/node" "/usr/local/bin/npm" "run" "dev"
19 error node v6.11.3
20 error npm  v3.10.10
21 error code ELIFECYCLE
22 error webpack-babel-react-revisited@ dev: `webpack-dev-server`
22 error Exit status 1
23 error Failed at the webpack-babel-react-revisited@ dev script 'webpack-dev-server'.
23 error Make sure you have the latest version of node.js and npm installed.
23 error If you do, this is most likely a problem with the webpack-babel-react-revisited package,
23 error not with npm itself.
23 error Tell the author that this fails on your system:
23 error     webpack-dev-server
23 error You can get information on how to open an issue for this project with:
23 error     npm bugs webpack-babel-react-revisited
23 error Or if that isn't available, you can get their info via:
23 error     npm owner ls webpack-babel-react-revisited
23 error There is likely additional logging output above.
24 verbose exit [ 1, true ]
